Sat May 03 20:03:53 GST 2014 : Apache Derby Network Server - 10.9.1.0 - (1344872) started and ready to accept connections on port 1527
----------------------------------------------------------------
Sat May 03 20:04:15 GST 2014:
Booting Derby version The Apache Software Foundation - Apache Derby - 10.9.1.0 - (1344872): instance a816c00e-0145-c2d3-d549-ffffbf4336f4 
on database directory /home/sami/Programming/internet_network/Project/sun-appserv-samples  with class loader sun.misc.Launcher$AppClassLoader@6521f956 
Loaded from file:/home/sami/Applications/glassfish-4.0/javadb/lib/derby.jar
java.vendor=Oracle Corporation
java.runtime.version=1.7.0_55-b14
user.dir=/home/sami/Applications/glassfish-4.0/javadb
derby.system.home=/home/sami/Programming/internet_network/Project
Database Class Loader started - derby.database.classpath=''
----------------------------------------------------------------
Sat May 03 20:31:59 GST 2014:
Booting Derby version The Apache Software Foundation - Apache Derby - 10.9.1.0 - (1344872): instance 94bc40a2-0145-c2d3-d549-ffffbf4336f4 
on database directory /home/sami/Programming/internet_network/Project/studyscheduler  with class loader sun.misc.Launcher$AppClassLoader@6521f956 
Loaded from file:/home/sami/Applications/glassfish-4.0/javadb/lib/derby.jar
java.vendor=Oracle Corporation
java.runtime.version=1.7.0_55-b14
user.dir=/home/sami/Applications/glassfish-4.0/javadb
derby.system.home=/home/sami/Programming/internet_network/Project
Database Class Loader started - derby.database.classpath=''
----------------------------------------------------------------
Sun May 04 00:13:31 GST 2014: Shutting down Derby engine
----------------------------------------------------------------
Sun May 04 00:13:31 GST 2014:
Shutting down instance 94bc40a2-0145-c2d3-d549-ffffbf4336f4 on database directory /home/sami/Programming/internet_network/Project/studyscheduler with class loader sun.misc.Launcher$AppClassLoader@6521f956 
----------------------------------------------------------------
Sun May 04 00:13:31 GST 2014:
Shutting down instance a816c00e-0145-c2d3-d549-ffffbf4336f4 on database directory /home/sami/Programming/internet_network/Project/sun-appserv-samples with class loader sun.misc.Launcher$AppClassLoader@6521f956 
----------------------------------------------------------------
